1    0000 ;====================================================================
2    0000 ; Main.asm file generated by New Project wizard
3    0000 ;
4    0000 ; Project:	 Seven Segment Count 1-0 automatic by 15 sec interval
5    0000 ; Created:   Fri May 20 2022
6    0000 ; Processor: AT89C51
7    0000 ; Compiler:  ASEM-51 (Proteus)
8    0000 ; Code by:	ElektroSoft Solutions (SMC-Pvt) Ltd
9    0000 ; Website:	www.essol.com.pk
10   0000 ; Contact:	+92-302-8888-920 (WhatsApp/Call)
11   0000 ; Hardware used: 8051 mini Development Board v1.0 (made by ElektroSoft Solutions)
12   0000 ;====================================================================		
13   0000 ; RESET and INTERRUPT VECTORS
14   0000 ;====================================================================
16   0000       ; Reset Vector
17   0000       org   0000h
18   0000       jmp   Start
20   0003 ;====================================================================
21   0003 ; CODE SEGMENT
22   0003 ;====================================================================
23   0003 Start:		
24   0003 		ORG 0100H
26   0100 		MOV P0, #00H
27   0103 		MOV P1, #00H
28   0106 		MOV P2, #00H
29   0109 		MOV P3, #00H
31   010C 		MOV P2, #0FCH		; assigning default value of ZERO by hex value upon initializing
32   010F REPEAT:
33   010F 		MOV DPTR, #COUNT 	; Data Pointer register assigned address
34   0112 LOOP:	CLR A				; execute the code if INCREMENT button is pressed
35   0113 		MOVC A, @A+DPTR		; Copy value from current DPTR address to Accumulator
36   0114 		MOV P2, A			; send data to port 2
37   0116 		INC DPTR			; increment DPTR address
38   0117 		CALL delay15
39   011A 		CJNE A, #0FCH, LOOP
40   011D 		SJMP REPEAT
42   011F delay15:					; 15 second delay routine
43   011F 	    mov r5, #100
44   0121 here4:	mov r4, #255
45   0123 here5:	mov r3, #255
46   0125 here6:	djnz r3, here6
47   0127 		djnz r4, here5
48   0129 		djnz r5, here4
49   012B 		ret
51   012C 		ORG 500H
53   0500 COUNT:	DB	60H, 0DAH, 0F2H, 66H, 0B6H, 0BEH, 0E0H, 0FEH, 0E6H, 0FCH, 0
55   050B ; Hex values for 1 - 0 decimal values
56   050B ;
57   050B ; A | B | C | D | E | F | G | H | = Decimal Value = Hex Value
58   050B ;
59   050B ; 0 | 1 | 1 | 0 | 0 | 0 | 0 | 0 | =  1  = 60H
60   050B ;---------------------------------------------
61   050B ; 1 | 1 | 0 | 1 | 1 | 0 | 1 | 0 | =  2  = 0DAH
62   050B ;---------------------------------------------
63   050B ; 1 | 1 | 1 | 1 | 0 | 0 | 1 | 0 | =  3  = 0F2H
64   050B ;---------------------------------------------
65   050B ; 0 | 1 | 1 | 0 | 0 | 1 | 1 | 0 | =  4  = 66H
66   050B ;---------------------------------------------
67   050B ; 1 | 0 | 1 | 1 | 0 | 1 | 1 | 0 | =  5  = 0B6H
68   050B ;---------------------------------------------
69   050B ; 1 | 0 | 1 | 1 | 1 | 1 | 1 | 0 | =  6  = 0BEH
70   050B ;---------------------------------------------
71   050B ; 1 | 1 | 1 | 0 | 0 | 0 | 0 | 0 | =  7  = 0E0H
72   050B ;---------------------------------------------
73   050B ; 1 | 1 | 1 | 1 | 1 | 1 | 1 | 0 | =  8  = 0FEH
74   050B ;---------------------------------------------
75   050B ; 1 | 1 | 1 | 0 | 0 | 1 | 1 | 0 | =  9  = 0E6H
76   050B ;---------------------------------------------
77   050B ; 1 | 1 | 1 | 1 | 1 | 1 | 0 | 0 | =  0  = 0FCH
78   050B ;---------------------------------------------